#
# A fatal error has been detected by the Java Runtime Environment:
#
#  EXCEPTION_ACCESS_VIOLATION (0xc0000005) at pc=0x000000006db5e252, pid=4856, tid=0x0000000000000c3c
#
# JRE version: Java(TM) SE Runtime Environment (8.0_111-b14) (build 1.8.0_111-b14)
# Java VM: Java HotSpot(TM) 64-Bit Server VM (25.111-b14 mixed mode windows-amd64 compressed oops)
# Problematic frame:
# V  [jvm.dll+0x15e252]
#
# Failed to write core dump. Minidumps are not enabled by default on client versions of Windows
#
# If you would like to submit a bug report, please visit:
#   http://bugreport.java.com/bugreport/crash.jsp
#

---------------  T H R E A D  ---------------

Current thread (0x000000000247e000):  JavaThread "main" [_thread_in_vm, id=3132, stack(0x00000000026e0000,0x00000000027e0000)]

siginfo: ExceptionCode=0xc0000005, reading address 0x0000000000000000

Registers:
RAX=0x00000000023514f0, RBX=0x0000000002351c70, RCX=0x00000000023514f2, RDX=0x0000000000000000
RSP=0x00000000027df2f0, RBP=0x000000018002b138, RSI=0x0000000000000000, RDI=0x00000000023514f0
R8 =0x0000000000000004, R9 =0x000000017dcd9c3c, R10=0x00000000023514f0, R11=0x000000000012d408
R12=0x000000018002b12c, R13=0x0000000000000000, R14=0x00000000027df518, R15=0x000000000247e000
RIP=0x000000006db5e252, EFLAGS=0x0000000000010206

Top of Stack: (sp=0x00000000027df2f0)
0x00000000027df2f0:   0000000002351c70 0000000000000000
0x00000000027df300:   0000000014612b60 0000000056bc7460
0x00000000027df310:   000000018002b12c 000000006dc7b6f5
0x00000000027df320:   000000000012d408 000000006dc7b74e
0x00000000027df330:   00000000549b6490 0000000000000000
0x00000000027df340:   000000018002b12c 000000006db5e4a7
0x00000000027df350:   000000000247e000 00000000743b66b5
0x00000000027df360:   0000000000000000 000000018002b138
0x00000000027df370:   000000000247e000 000000000247e950
0x00000000027df380:   000000000247e000 000000000247e950
0x00000000027df390:   000000000000062d 000000006e004c10
0x00000000027df3a0:   0000000002ab8190 00000001800023ba
0x00000000027df3b0:   00000000023cfe70 00000000027df4f0
0x00000000027df3c0:   0000000000000002 00000000027df4f0
0x00000000027df3d0:   0000000056587f70 00000001800036a5
0x00000000027df3e0:   000000000247e1f8 0000000000000000 

Instructions: (pc=0x000000006db5e252)
0x000000006db5e232:   8d 51 ff 49 8b cc e8 03 84 f1 ff 48 8b f8 48 85
0x000000006db5e242:   db 0f 84 27 01 00 00 48 85 c0 0f 84 1e 01 00 00
0x000000006db5e252:   48 8b 0e e8 26 a0 f0 ff 84 c0 74 33 4c 8b 0d 33
0x000000006db5e262:   4b 69 00 48 8b 8c 24 80 00 00 00 48 8d 15 9c 69 


Register to memory mapping:

RAX=0x00000000023514f0 is an unknown value
RBX=0x0000000002351c70 is an unknown value
RCX=0x00000000023514f2 is an unknown value
RDX=0x0000000000000000 is an unknown value
RSP=0x00000000027df2f0 is pointing into the stack for thread: 0x000000000247e000
RBP=0x000000018002b138 is an unknown value
RSI=0x0000000000000000 is an unknown value
RDI=0x00000000023514f0 is an unknown value
R8 =0x0000000000000004 is an unknown value
R9 =0x000000017dcd9c3c is an unknown value
R10=0x00000000023514f0 is an unknown value
R11=0x000000000012d408 is an unknown value
R12=0x000000018002b12c is an unknown value
R13=0x0000000000000000 is an unknown value
R14=0x00000000027df518 is pointing into the stack for thread: 0x000000000247e000
R15=0x000000000247e000 is a thread


Stack: [0x00000000026e0000,0x00000000027e0000],  sp=0x00000000027df2f0,  free space=1020k
Native frames: (J=compiled Java code, j=interpreted, Vv=VM code, C=native code)
V  [jvm.dll+0x15e252]
V  [jvm.dll+0x15e4a7]
C  [civil.dll+0x23ba]
C  [civil.dll+0x36a5]
C  [civil.dll+0x1f6d]
C  0x0000000002ac676b

Java frames: (J=compiled Java code, j=interpreted, Vv=VM code)
j  com.lti.civil.impl.jni.NativeCaptureStream.setObserver(Lcom/lti/civil/CaptureObserver;)V+0
j  visao.TestWebCam.<init>()V+184
j  visao.TestWebCam.main([Ljava/lang/String;)V+4
v  ~StubRoutines::call_stub

---------------  P R O C E S S  ---------------

Java Threads: ( => current thread )
  0x0000000056bc8800 JavaThread "Service Thread" daemon [_thread_blocked, id=3144, stack(0x00000000570b0000,0x00000000571b0000)]
  0x0000000056bc8000 JavaThread "C1 CompilerThread2" daemon [_thread_blocked, id=3972, stack(0x0000000056f80000,0x0000000057080000)]
  0x0000000054faa800 JavaThread "C2 CompilerThread1" daemon [_thread_blocked, id=4316, stack(0x0000000056a70000,0x0000000056b70000)]
  0x0000000054fa7800 JavaThread "C2 CompilerThread0" daemon [_thread_blocked, id=4024, stack(0x0000000056910000,0x0000000056a10000)]
  0x0000000054fa4000 JavaThread "Attach Listener" daemon [_thread_blocked, id=3256, stack(0x00000000566a0000,0x00000000567a0000)]
  0x0000000054fa2800 JavaThread "Signal Dispatcher" daemon [_thread_blocked, id=4964, stack(0x0000000056450000,0x0000000056550000)]
  0x0000000054f89000 JavaThread "Finalizer" daemon [_thread_blocked, id=1292, stack(0x0000000056300000,0x0000000056400000)]
  0x0000000054f42000 JavaThread "Reference Handler" daemon [_thread_blocked, id=5052, stack(0x0000000056120000,0x0000000056220000)]
=>0x000000000247e000 JavaThread "main" [_thread_in_vm, id=3132, stack(0x00000000026e0000,0x00000000027e0000)]

Other Threads:
  0x0000000054f3a800 VMThread [stack: 0x0000000056000000,0x0000000056100000] [id=2864]
  0x0000000056bd8800 WatcherThread [stack: 0x0000000057260000,0x0000000057360000] [id=2168]

VM state:not at safepoint (normal execution)

VM Mutex/Monitor currently owned by a thread: None

Heap:
 PSYoungGen      total 18432K, used 1269K [0x00000000ebb80000, 0x00000000ed000000, 0x0000000100000000)
  eden space 15872K, 8% used [0x00000000ebb80000,0x00000000ebcbd7e8,0x00000000ecb00000)
  from space 2560K, 0% used [0x00000000ecd80000,0x00000000ecd80000,0x00000000ed000000)
  to   space 2560K, 0% used [0x00000000ecb00000,0x00000000ecb00000,0x00000000ecd80000)
 ParOldGen       total 42496K, used 0K [0x00000000c3200000, 0x00000000c5b80000, 0x00000000ebb80000)
  object space 42496K, 0% used [0x00000000c3200000,0x00000000c3200000,0x00000000c5b80000)
 Metaspace       used 3493K, capacity 4600K, committed 4864K, reserved 1056768K
  class space    used 389K, capacity 424K, committed 512K, reserved 1048576K

Card table byte_map: [0x0000000011e70000,0x0000000012060000] byte_map_base: 0x0000000011857000

Marking Bits: (ParMarkBitMap*) 0x000000006e21a6c0
 Begin Bits: [0x0000000012550000, 0x0000000013488000)
 End Bits:   [0x0000000013488000, 0x00000000143c0000)

Polling page: 0x0000000000130000

CodeCache: size=245760Kb used=1179Kb max_used=1179Kb free=244580Kb
 bounds [0x0000000002ab0000, 0x0000000002d20000, 0x0000000011ab0000]
 total_blobs=291 nmethods=53 adapters=152
 compilation: enabled

Compilation events (10 events):
Event: 0.371 Thread 0x0000000056bc8000   49       3       sun.nio.cs.UTF_8$Encoder::encode (359 bytes)
Event: 0.372 Thread 0x0000000056bc8000 nmethod 49 0x0000000002bd2890 code [0x0000000002bd2a80, 0x0000000002bd3598]
Event: 0.373 Thread 0x0000000056bc8000   50       1       java.net.URL::getHost (5 bytes)
Event: 0.373 Thread 0x0000000056bc8000 nmethod 50 0x0000000002bd3c10 code [0x0000000002bd3d60, 0x0000000002bd3e70]
Event: 0.373 Thread 0x0000000056bc8000   51       1       java.net.URL::getAuthority (5 bytes)
Event: 0.373 Thread 0x0000000056bc8000 nmethod 51 0x0000000002bd3ed0 code [0x0000000002bd4020, 0x0000000002bd4130]
Event: 0.373 Thread 0x0000000056bc8000   52   !   3       sun.misc.URLClassPath$JarLoader::getResource (85 bytes)
Event: 0.375 Thread 0x0000000056bc8000 nmethod 52 0x0000000002bd4190 code [0x0000000002bd4420, 0x0000000002bd53b8]
Event: 0.376 Thread 0x0000000056bc8000   53       3       java.util.HashMap::getNode (148 bytes)
Event: 0.376 Thread 0x0000000056bc8000 nmethod 53 0x0000000002bd5d50 code [0x0000000002bd5f20, 0x0000000002bd68a8]

GC Heap History (0 events):
No events

Deoptimization events (0 events):
No events

Internal exceptions (5 events):
Event: 0.138 Thread 0x000000000247e000 Exception <a 'java/lang/NoSuchMethodError': Method sun.misc.Unsafe.defineClass(Ljava/lang/String;[BII)Ljava/lang/Class; name or signature does not match> (0x00000000ebb87c78) thrown at [C:\re\workspace\8-2-build-windows-amd64-cygwin\jdk8u111\7883\hotspot\
Event: 0.138 Thread 0x000000000247e000 Exception <a 'java/lang/NoSuchMethodError': Method sun.misc.Unsafe.prefetchRead(Ljava/lang/Object;J)V name or signature does not match> (0x00000000ebb87f60) thrown at [C:\re\workspace\8-2-build-windows-amd64-cygwin\jdk8u111\7883\hotspot\src\share\vm\prims
Event: 0.243 Thread 0x000000000247e000 Exception <a 'java/io/FileNotFoundException'> (0x00000000ebbdc690) thrown at [C:\re\workspace\8-2-build-windows-amd64-cygwin\jdk8u111\7883\hotspot\src\share\vm\prims\jni.cpp, line 709]
Event: 0.790 Thread 0x000000000247e000 Exception <a 'java/lang/NoClassDefFoundError': com/lti/civil/impl/jni/NativeByteArrayImage> (0x00000000ebc94a98) thrown at [C:\re\workspace\8-2-build-windows-amd64-cygwin\jdk8u111\7883\hotspot\src\share\vm\classfile\systemDictionary.cpp, line 199]
Event: 0.791 Thread 0x000000000247e000 Exception <a 'java/lang/NoSuchMethodError': <init>> (0x00000000ebc9bde8) thrown at [C:\re\workspace\8-2-build-windows-amd64-cygwin\jdk8u111\7883\hotspot\src\share\vm\prims\jni.cpp, line 1581]

Events (10 events):
Event: 0.378 loading class com/lti/civil/impl/jni/NativeCaptureStream
Event: 0.378 loading class com/lti/civil/impl/jni/NativeCaptureStream done
Event: 0.789 loading class com/lti/civil/impl/jni/NativeByteArrayImage
Event: 0.789 loading class com/lti/civil/impl/jni/NativeByteArrayImage done
Event: 0.790 loading class com/lti/civil/impl/jni/NativeVideoFormat
Event: 0.790 loading class com/lti/civil/impl/jni/NativeVideoFormat done
Event: 0.790 loading class com/lti/civil/VideoFormat
Event: 0.790 loading class com/lti/civil/VideoFormat done
Event: 0.791 loading class com/lti/civil/impl/common/VideoFormatImpl
Event: 0.791 loading class com/lti/civil/impl/common/VideoFormatImpl done


Dynamic libraries:
0x000000013f840000 - 0x000000013f877000 	C:\Program Files\Java\jdk1.8.0_111\bin\java.exe
0x0000000077ae0000 - 0x0000000077c8a000 	C:\Windows\SYSTEM32\ntdll.dll
0x00000000778c0000 - 0x00000000779df000 	C:\Windows\system32\kernel32.dll
0x000007fefd910000 - 0x000007fefd97a000 	C:\Windows\system32\KERNELBASE.dll
0x000007feff790000 - 0x000007feff86b000 	C:\Windows\system32\ADVAPI32.dll
0x000007feff870000 - 0x000007feff90f000 	C:\Windows\system32\msvcrt.dll
0x000007fefe010000 - 0x000007fefe02f000 	C:\Windows\SYSTEM32\sechost.dll
0x000007feff460000 - 0x000007feff58d000 	C:\Windows\system32\RPCRT4.dll
0x00000000779e0000 - 0x0000000077ada000 	C:\Windows\system32\USER32.dll
0x000007feff910000 - 0x000007feff977000 	C:\Windows\system32\GDI32.dll
0x000007feffde0000 - 0x000007feffdee000 	C:\Windows\system32\LPK.dll
0x000007fefdf30000 - 0x000007fefdffa000 	C:\Windows\system32\USP10.dll
0x000007fefc040000 - 0x000007fefc234000 	C:\Windows\WinSxS\amd64_microsoft.windows.common-controls_6595b64144ccf1df_6.0.7601.18837_none_fa3b1e3d17594757\COMCTL32.dll
0x000007feff630000 - 0x000007feff6a1000 	C:\Windows\system32\SHLWAPI.dll
0x000007feff430000 - 0x000007feff45e000 	C:\Windows\system32\IMM32.DLL
0x000007fefe590000 - 0x000007fefe699000 	C:\Windows\system32\MSCTF.dll
0x00000000750e0000 - 0x00000000751b2000 	C:\Program Files\Java\jdk1.8.0_111\jre\bin\msvcr100.dll
0x000000006da00000 - 0x000000006e29a000 	C:\Program Files\Java\jdk1.8.0_111\jre\bin\server\jvm.dll
0x000007fef8ba0000 - 0x000007fef8ba9000 	C:\Windows\system32\WSOCK32.dll
0x000007fefe2e0000 - 0x000007fefe32d000 	C:\Windows\system32\WS2_32.dll
0x000007fefe000000 - 0x000007fefe008000 	C:\Windows\system32\NSI.dll
0x000007fefb7b0000 - 0x000007fefb7eb000 	C:\Windows\system32\WINMM.dll
0x000007fefc910000 - 0x000007fefc91c000 	C:\Windows\system32\VERSION.dll
0x0000000077ca0000 - 0x0000000077ca7000 	C:\Windows\system32\PSAPI.DLL
0x0000000075570000 - 0x000000007557f000 	C:\Program Files\Java\jdk1.8.0_111\jre\bin\verify.dll
0x0000000075410000 - 0x0000000075439000 	C:\Program Files\Java\jdk1.8.0_111\jre\bin\java.dll
0x00000000753f0000 - 0x0000000075406000 	C:\Program Files\Java\jdk1.8.0_111\jre\bin\zip.dll
0x000007fefe6a0000 - 0x000007feff429000 	C:\Windows\system32\SHELL32.dll
0x000007fefe030000 - 0x000007fefe233000 	C:\Windows\system32\ole32.dll
0x000007fefd830000 - 0x000007fefd83f000 	C:\Windows\system32\profapi.dll
0x0000000180000000 - 0x0000000180049000 	C:\MinhaDLL\civil.dll
0x000007fef7db0000 - 0x000007fef7e21000 	C:\Windows\system32\WINSPOOL.DRV
0x000007feff6b0000 - 0x000007feff788000 	C:\Windows\system32\OLEAUT32.dll
0x000007fefa560000 - 0x000007fefa5b4000 	C:\Windows\system32\OLEACC.dll
0x000007fefd6c0000 - 0x000007fefd6cf000 	C:\Windows\system32\CRYPTBASE.dll
0x000007feff590000 - 0x000007feff629000 	C:\Windows\system32\CLBCatQ.DLL
0x000007feead90000 - 0x000007feeada6000 	C:\Windows\system32\devenum.dll
0x000007fefe330000 - 0x000007fefe507000 	C:\Windows\system32\setupapi.dll
0x000007fefd860000 - 0x000007fefd896000 	C:\Windows\system32\CFGMGR32.dll
0x000007fefd8c0000 - 0x000007fefd8da000 	C:\Windows\system32\DEVOBJ.dll
0x000007fefbbc0000 - 0x000007fefbbed000 	C:\Windows\system32\ntmarta.dll
0x000007fefded0000 - 0x000007fefdf22000 	C:\Windows\system32\WLDAP32.dll
0x000007fefda20000 - 0x000007fefda5b000 	C:\Windows\system32\WINTRUST.dll
0x000007fefda70000 - 0x000007fefdbdd000 	C:\Windows\system32\CRYPT32.dll
0x000007fefd820000 - 0x000007fefd82f000 	C:\Windows\system32\MSASN1.dll
0x000007feeb060000 - 0x000007feeb06d000 	C:\Windows\system32\msdmo.dll
0x000007fee9170000 - 0x000007fee919f000 	C:\Windows\system32\qcap.dll
0x000007fee5fe0000 - 0x000007fee6193000 	C:\Windows\system32\quartz.dll
0x000007fefd060000 - 0x000007fefd078000 	C:\Windows\system32\CRYPTSP.dll
0x000007fefcd60000 - 0x000007fefcda7000 	C:\Windows\system32\rsaenh.dll
0x000007fefd770000 - 0x000007fefd784000 	C:\Windows\system32\RpcRtRemote.dll
0x000007fefa9e0000 - 0x000007fefaa21000 	C:\Windows\system32\ksproxy.ax
0x0000000075590000 - 0x0000000075596000 	C:\Windows\system32\ksuser.dll
0x000007feeb5d0000 - 0x000007feeb7cf000 	C:\Windows\system32\d3d9.dll
0x000007fef5dc0000 - 0x000007fef5dc7000 	C:\Windows\system32\d3d8thk.dll
0x000007fefb320000 - 0x000007fefb338000 	C:\Windows\system32\dwmapi.dll
0x000007fefa9d0000 - 0x000007fefa9db000 	C:\Windows\system32\vidcap.ax
0x000007fefa860000 - 0x000007fefa884000 	C:\Windows\system32\kswdmcap.ax
0x000007fee6d80000 - 0x000007fee6edc000 	C:\Windows\system32\MFC42.dll
0x000007fefa7a0000 - 0x000007fefa851000 	C:\Windows\system32\ODBC32.dll
0x0000000074eb0000 - 0x0000000074ee8000 	C:\Windows\system32\odbcint.dll
0x000007fee5f40000 - 0x000007fee5fdb000 	C:\Windows\System32\qedit.dll
0x000007fee9060000 - 0x000007fee9089000 	C:\Windows\System32\MSVFW32.dll
0x000007fefe240000 - 0x000007fefe2d7000 	C:\Windows\system32\COMDLG32.dll
0x000007fefbbf0000 - 0x000007fefbe06000 	C:\Windows\WinSxS\amd64_microsoft.windows.gdiplus_6595b64144ccf1df_1.1.7601.23407_none_14556c1e8b95d0b8\gdiplus.dll
0x000007fef5fc0000 - 0x000007fef60e5000 	C:\Windows\system32\dbghelp.dll

VM Arguments:
jvm_args: -Dfile.encoding=UTF-8 -Djava.library.path=C:\MinhaDLL 
java_command: visao.TestWebCam
java_class_path (initial): C:\Users\rafa\Documents\NetBeansProjects\Sistema_Mais_Saude\lib\PostgreSQLDriver\postgresql-9.4.1209.jar;C:\Users\rafa\Documents\NetBeansProjects\Sistema_Mais_Saude\lib\jcalendar-1.4.jar;C:\Users\rafa\Documents\NetBeansProjects\Sistema_Mais_Saude\lib\TimerBean.jar;C:\Users\rafa\Documents\NetBeansProjects\Sistema_Mais_Saude\lib\absolutelayout\AbsoluteLayout.jar;C:\Users\rafa\Documents\NetBeansProjects\Sistema_Mais_Saude\lib\JTattoo-1.6.13.jar;C:\Users\rafa\Documents\NetBeansProjects\Sistema_Mais_Saude\lib\lti-civil.jar;C:\Users\rafa\Documents\NetBeansProjects\Sistema_Mais_Saude\build\classes
Launcher Type: SUN_STANDARD

Environment Variables:
JAVA_HOME=C:\Program Files\Java\jdk1.8.0_241
PATH=C:\ProgramData\Oracle\Java\javapath;C:\Program Files (x86)\Common Files\Oracle\Java\javapath;C:\Windows\system32;C:\Windows;C:\Windows\System32\Wbem;C:\Windows\System32\WindowsPowerShell\v1.0\ ;;C:\Users\rafa\AppData\Local\Programs\Microsoft VS Code\bin;C:\Program Files\Java\jdk1.8.0_241\bin
USERNAME=rafa
OS=Windows_NT
PROCESSOR_IDENTIFIER=Intel64 Family 6 Model 37 Stepping 5, GenuineIntel



---------------  S Y S T E M  ---------------

OS: Windows 7 , 64 bit Build 7601 (6.1.7601.23418)

CPU:total 4 (2 cores per cpu, 2 threads per core) family 6 model 37 stepping 5, cmov, cx8, fxsr, mmx, sse, sse2, sse3, ssse3, sse4.1, sse4.2, popcnt, ht, tsc, tscinvbit

Memory: 4k page, physical 3985960k(1283448k free), swap 7970060k(4509564k free)

vm_info: Java HotSpot(TM) 64-Bit Server VM (25.111-b14) for windows-amd64 JRE (1.8.0_111-b14), built on Sep 22 2016 19:24:05 by "java_re" with MS VC++ 10.0 (VS2010)

time: Tue Apr 28 21:28:00 2020
elapsed time: 0 seconds (0d 0h 0m 0s)

