#
# A fatal error has been detected by the Java Runtime Environment:
#
#  EXCEPTION_ACCESS_VIOLATION (0xc0000005) at pc=0x000000007004e252, pid=628, tid=0x00000000000010e4
#
# JRE version: Java(TM) SE Runtime Environment (8.0_111-b14) (build 1.8.0_111-b14)
# Java VM: Java HotSpot(TM) 64-Bit Server VM (25.111-b14 mixed mode windows-amd64 compressed oops)
# Problematic frame:
# V  [jvm.dll+0x15e252]
#
# Failed to write core dump. Minidumps are not enabled by default on client versions of Windows
#
# If you would like to submit a bug report, please visit:
#   http://bugreport.java.com/bugreport/crash.jsp
#

---------------  T H R E A D  ---------------

Current thread (0x00000000022fe000):  JavaThread "main" [_thread_in_vm, id=4324, stack(0x0000000002310000,0x0000000002410000)]

siginfo: ExceptionCode=0xc0000005, reading address 0x0000000000000000

Registers:
RAX=0x00000000021d14f0, RBX=0x00000000021d1c70, RCX=0x00000000021d14f2, RDX=0x0000000000000000
RSP=0x000000000240f480, RBP=0x000000018002b138, RSI=0x0000000000000000, RDI=0x00000000021d14f0
R8 =0x0000000000000004, R9 =0x000000017de59c3c, R10=0x00000000021d14f0, R11=0x000000000012d408
R12=0x000000018002b12c, R13=0x0000000000000000, R14=0x000000000240f6a8, R15=0x00000000022fe000
RIP=0x000000007004e252, EFLAGS=0x0000000000010206

Top of Stack: (sp=0x000000000240f480)
0x000000000240f480:   00000000021d1c70 0000000000000000
0x000000000240f490:   0000000014652b60 0000000056a31850
0x000000000240f4a0:   000000018002b12c 000000007016b6f5
0x000000000240f4b0:   000000000012d408 000000007016b74e
0x000000000240f4c0:   00000000549f6490 0000000000000000
0x000000000240f4d0:   000000018002b12c 000000007004e4a7
0x000000000240f4e0:   00000000022fe000 00000000743b66b5
0x000000000240f4f0:   0000000000000000 000000018002b138
0x000000000240f500:   00000000022fe000 00000000022fe950
0x000000000240f510:   00000000022fe000 00000000022fe950
0x000000000240f520:   000000000000062d 00000000704f4c10
0x000000000240f530:   0000000002828190 00000001800023ba
0x000000000240f540:   000000000219d720 000000000240f680
0x000000000240f550:   0000000000000002 000000000240f680
0x000000000240f560:   0000000057057f70 00000001800036a5
0x000000000240f570:   00000000022fe1f8 0000000000000000 

Instructions: (pc=0x000000007004e252)
0x000000007004e232:   8d 51 ff 49 8b cc e8 03 84 f1 ff 48 8b f8 48 85
0x000000007004e242:   db 0f 84 27 01 00 00 48 85 c0 0f 84 1e 01 00 00
0x000000007004e252:   48 8b 0e e8 26 a0 f0 ff 84 c0 74 33 4c 8b 0d 33
0x000000007004e262:   4b 69 00 48 8b 8c 24 80 00 00 00 48 8d 15 9c 69 


Register to memory mapping:

RAX=0x00000000021d14f0 is an unknown value
RBX=0x00000000021d1c70 is an unknown value
RCX=0x00000000021d14f2 is an unknown value
RDX=0x0000000000000000 is an unknown value
RSP=0x000000000240f480 is pointing into the stack for thread: 0x00000000022fe000
RBP=0x000000018002b138 is an unknown value
RSI=0x0000000000000000 is an unknown value
RDI=0x00000000021d14f0 is an unknown value
R8 =0x0000000000000004 is an unknown value
R9 =0x000000017de59c3c is an unknown value
R10=0x00000000021d14f0 is an unknown value
R11=0x000000000012d408 is an unknown value
R12=0x000000018002b12c is an unknown value
R13=0x0000000000000000 is an unknown value
R14=0x000000000240f6a8 is pointing into the stack for thread: 0x00000000022fe000
R15=0x00000000022fe000 is a thread


Stack: [0x0000000002310000,0x0000000002410000],  sp=0x000000000240f480,  free space=1021k
Native frames: (J=compiled Java code, j=interpreted, Vv=VM code, C=native code)
V  [jvm.dll+0x15e252]
V  [jvm.dll+0x15e4a7]
C  [civil.dll+0x23ba]
C  [civil.dll+0x36a5]
C  [civil.dll+0x1f6d]
C  0x000000000283676b

Java frames: (J=compiled Java code, j=interpreted, Vv=VM code)
j  com.lti.civil.impl.jni.NativeCaptureStream.setObserver(Lcom/lti/civil/CaptureObserver;)V+0
j  visao.TestWebCam.<init>()V+184
j  visao.TestWebCam.main([Ljava/lang/String;)V+4
v  ~StubRoutines::call_stub

---------------  P R O C E S S  ---------------

Java Threads: ( => current thread )
  0x0000000056aad800 JavaThread "Service Thread" daemon [_thread_blocked, id=1292, stack(0x0000000057120000,0x0000000057220000)]
  0x0000000056a30800 JavaThread "C1 CompilerThread2" daemon [_thread_blocked, id=3028, stack(0x0000000056f20000,0x0000000057020000)]
  0x0000000054fee000 JavaThread "C2 CompilerThread1" daemon [_thread_blocked, id=5052, stack(0x0000000056930000,0x0000000056a30000)]
  0x0000000054fe7800 JavaThread "C2 CompilerThread0" daemon [_thread_blocked, id=2864, stack(0x0000000056410000,0x0000000056510000)]
  0x0000000054fe4000 JavaThread "Attach Listener" daemon [_thread_blocked, id=116, stack(0x0000000056770000,0x0000000056870000)]
  0x0000000054fe2800 JavaThread "Signal Dispatcher" daemon [_thread_blocked, id=4656, stack(0x0000000056560000,0x0000000056660000)]
  0x0000000054fc9000 JavaThread "Finalizer" daemon [_thread_blocked, id=4844, stack(0x0000000056090000,0x0000000056190000)]
  0x0000000054f82000 JavaThread "Reference Handler" daemon [_thread_blocked, id=4612, stack(0x00000000561b0000,0x00000000562b0000)]
=>0x00000000022fe000 JavaThread "main" [_thread_in_vm, id=4324, stack(0x0000000002310000,0x0000000002410000)]

Other Threads:
  0x0000000054f7a800 VMThread [stack: 0x0000000055f10000,0x0000000056010000] [id=3132]
  0x0000000056ad5000 WatcherThread [stack: 0x0000000057300000,0x0000000057400000] [id=4964]

VM state:not at safepoint (normal execution)

VM Mutex/Monitor currently owned by a thread: None

Heap:
 PSYoungGen      total 18432K, used 1269K [0x00000000ebb80000, 0x00000000ed000000, 0x0000000100000000)
  eden space 15872K, 8% used [0x00000000ebb80000,0x00000000ebcbd7e8,0x00000000ecb00000)
  from space 2560K, 0% used [0x00000000ecd80000,0x00000000ecd80000,0x00000000ed000000)
  to   space 2560K, 0% used [0x00000000ecb00000,0x00000000ecb00000,0x00000000ecd80000)
 ParOldGen       total 42496K, used 0K [0x00000000c3200000, 0x00000000c5b80000, 0x00000000ebb80000)
  object space 42496K, 0% used [0x00000000c3200000,0x00000000c3200000,0x00000000c5b80000)
 Metaspace       used 3484K, capacity 4600K, committed 4864K, reserved 1056768K
  class space    used 389K, capacity 424K, committed 512K, reserved 1048576K

Card table byte_map: [0x0000000011be0000,0x0000000011dd0000] byte_map_base: 0x00000000115c7000

Marking Bits: (ParMarkBitMap*) 0x000000007070a6c0
 Begin Bits: [0x0000000012590000, 0x00000000134c8000)
 End Bits:   [0x00000000134c8000, 0x0000000014400000)

Polling page: 0x0000000000430000

CodeCache: size=245760Kb used=1169Kb max_used=1169Kb free=244590Kb
 bounds [0x0000000002820000, 0x0000000002a90000, 0x0000000011820000]
 total_blobs=289 nmethods=51 adapters=152
 compilation: enabled

Compilation events (10 events):
Event: 0.138 Thread 0x0000000056a30800   46  s    3       sun.misc.URLClassPath::getNextLoader (88 bytes)
Event: 0.139 Thread 0x0000000056a30800 nmethod 46 0x0000000002941350 code [0x0000000002941520, 0x0000000002941d68]
Event: 0.139 Thread 0x0000000056a30800   48       1       java.net.URL::getHost (5 bytes)
Event: 0.139 Thread 0x0000000056a30800 nmethod 48 0x00000000029421d0 code [0x0000000002942320, 0x0000000002942430]
Event: 0.139 Thread 0x0000000056a30800   49       1       java.net.URL::getAuthority (5 bytes)
Event: 0.139 Thread 0x0000000056a30800 nmethod 49 0x0000000002942490 code [0x00000000029425e0, 0x00000000029426f0]
Event: 0.158 Thread 0x0000000056a30800   50       3       sun.nio.cs.UTF_8$Encoder::encode (359 bytes)
Event: 0.159 Thread 0x0000000056a30800 nmethod 50 0x0000000002942750 code [0x0000000002942940, 0x0000000002943458]
Event: 0.159 Thread 0x0000000056a30800   51       3       sun.misc.MetaIndex::mayContain (51 bytes)
Event: 0.160 Thread 0x0000000056a30800 nmethod 51 0x0000000002943ad0 code [0x0000000002943c80, 0x00000000029442f8]

GC Heap History (0 events):
No events

Deoptimization events (0 events):
No events

Internal exceptions (5 events):
Event: 0.038 Thread 0x00000000022fe000 Exception <a 'java/lang/NoSuchMethodError': Method sun.misc.Unsafe.defineClass(Ljava/lang/String;[BII)Ljava/lang/Class; name or signature does not match> (0x00000000ebb87c78) thrown at [C:\re\workspace\8-2-build-windows-amd64-cygwin\jdk8u111\7883\hotspot\
Event: 0.038 Thread 0x00000000022fe000 Exception <a 'java/lang/NoSuchMethodError': Method sun.misc.Unsafe.prefetchRead(Ljava/lang/Object;J)V name or signature does not match> (0x00000000ebb87f60) thrown at [C:\re\workspace\8-2-build-windows-amd64-cygwin\jdk8u111\7883\hotspot\src\share\vm\prims
Event: 0.084 Thread 0x00000000022fe000 Exception <a 'java/io/FileNotFoundException'> (0x00000000ebbdc690) thrown at [C:\re\workspace\8-2-build-windows-amd64-cygwin\jdk8u111\7883\hotspot\src\share\vm\prims\jni.cpp, line 709]
Event: 0.158 Thread 0x00000000022fe000 Exception <a 'java/lang/NoClassDefFoundError': com/lti/civil/impl/jni/NativeByteArrayImage> (0x00000000ebc94a98) thrown at [C:\re\workspace\8-2-build-windows-amd64-cygwin\jdk8u111\7883\hotspot\src\share\vm\classfile\systemDictionary.cpp, line 199]
Event: 0.160 Thread 0x00000000022fe000 Exception <a 'java/lang/NoSuchMethodError': <init>> (0x00000000ebc9bde8) thrown at [C:\re\workspace\8-2-build-windows-amd64-cygwin\jdk8u111\7883\hotspot\src\share\vm\prims\jni.cpp, line 1581]

Events (10 events):
Event: 0.136 loading class com/lti/civil/impl/jni/NativeCaptureStream
Event: 0.136 loading class com/lti/civil/impl/jni/NativeCaptureStream done
Event: 0.157 loading class com/lti/civil/impl/jni/NativeByteArrayImage
Event: 0.157 loading class com/lti/civil/impl/jni/NativeByteArrayImage done
Event: 0.158 loading class com/lti/civil/impl/jni/NativeVideoFormat
Event: 0.158 loading class com/lti/civil/impl/jni/NativeVideoFormat done
Event: 0.159 loading class com/lti/civil/VideoFormat
Event: 0.159 loading class com/lti/civil/VideoFormat done
Event: 0.159 loading class com/lti/civil/impl/common/VideoFormatImpl
Event: 0.159 loading class com/lti/civil/impl/common/VideoFormatImpl done


Dynamic libraries:
0x000000013f560000 - 0x000000013f597000 	C:\Program Files\Java\jdk1.8.0_111\bin\java.exe
0x0000000077ae0000 - 0x0000000077c8a000 	C:\Windows\SYSTEM32\ntdll.dll
0x00000000778c0000 - 0x00000000779df000 	C:\Windows\system32\kernel32.dll
0x000007fefd910000 - 0x000007fefd97a000 	C:\Windows\system32\KERNELBASE.dll
0x000007feff790000 - 0x000007feff86b000 	C:\Windows\system32\ADVAPI32.dll
0x000007feff870000 - 0x000007feff90f000 	C:\Windows\system32\msvcrt.dll
0x000007fefe010000 - 0x000007fefe02f000 	C:\Windows\SYSTEM32\sechost.dll
0x000007feff460000 - 0x000007feff58d000 	C:\Windows\system32\RPCRT4.dll
0x00000000779e0000 - 0x0000000077ada000 	C:\Windows\system32\USER32.dll
0x000007feff910000 - 0x000007feff977000 	C:\Windows\system32\GDI32.dll
0x000007feffde0000 - 0x000007feffdee000 	C:\Windows\system32\LPK.dll
0x000007fefdf30000 - 0x000007fefdffa000 	C:\Windows\system32\USP10.dll
0x000007fefc040000 - 0x000007fefc234000 	C:\Windows\WinSxS\amd64_microsoft.windows.common-controls_6595b64144ccf1df_6.0.7601.18837_none_fa3b1e3d17594757\COMCTL32.dll
0x000007feff630000 - 0x000007feff6a1000 	C:\Windows\system32\SHLWAPI.dll
0x000007feff430000 - 0x000007feff45e000 	C:\Windows\system32\IMM32.DLL
0x000007fefe590000 - 0x000007fefe699000 	C:\Windows\system32\MSCTF.dll
0x00000000750e0000 - 0x00000000751b2000 	C:\Program Files\Java\jdk1.8.0_111\jre\bin\msvcr100.dll
0x000000006fef0000 - 0x000000007078a000 	C:\Program Files\Java\jdk1.8.0_111\jre\bin\server\jvm.dll
0x000007fef8ba0000 - 0x000007fef8ba9000 	C:\Windows\system32\WSOCK32.dll
0x000007fefe2e0000 - 0x000007fefe32d000 	C:\Windows\system32\WS2_32.dll
0x000007fefe000000 - 0x000007fefe008000 	C:\Windows\system32\NSI.dll
0x000007fefb7b0000 - 0x000007fefb7eb000 	C:\Windows\system32\WINMM.dll
0x000007fefc910000 - 0x000007fefc91c000 	C:\Windows\system32\VERSION.dll
0x0000000077ca0000 - 0x0000000077ca7000 	C:\Windows\system32\PSAPI.DLL
0x0000000075430000 - 0x000000007543f000 	C:\Program Files\Java\jdk1.8.0_111\jre\bin\verify.dll
0x0000000075400000 - 0x0000000075429000 	C:\Program Files\Java\jdk1.8.0_111\jre\bin\java.dll
0x00000000753e0000 - 0x00000000753f6000 	C:\Program Files\Java\jdk1.8.0_111\jre\bin\zip.dll
0x000007fefe6a0000 - 0x000007feff429000 	C:\Windows\system32\SHELL32.dll
0x000007fefe030000 - 0x000007fefe233000 	C:\Windows\system32\ole32.dll
0x000007fefd830000 - 0x000007fefd83f000 	C:\Windows\system32\profapi.dll
0x0000000180000000 - 0x0000000180049000 	C:\MinhaDLL\civil.dll
0x000007fef7db0000 - 0x000007fef7e21000 	C:\Windows\system32\WINSPOOL.DRV
0x000007feff6b0000 - 0x000007feff788000 	C:\Windows\system32\OLEAUT32.dll
0x000007fefa560000 - 0x000007fefa5b4000 	C:\Windows\system32\OLEACC.dll
0x000007fefd6c0000 - 0x000007fefd6cf000 	C:\Windows\system32\CRYPTBASE.dll
0x000007feff590000 - 0x000007feff629000 	C:\Windows\system32\CLBCatQ.DLL
0x000007feead90000 - 0x000007feeada6000 	C:\Windows\system32\devenum.dll
0x000007fefe330000 - 0x000007fefe507000 	C:\Windows\system32\setupapi.dll
0x000007fefd860000 - 0x000007fefd896000 	C:\Windows\system32\CFGMGR32.dll
0x000007fefd8c0000 - 0x000007fefd8da000 	C:\Windows\system32\DEVOBJ.dll
0x000007fefbbc0000 - 0x000007fefbbed000 	C:\Windows\system32\ntmarta.dll
0x000007fefded0000 - 0x000007fefdf22000 	C:\Windows\system32\WLDAP32.dll
0x000007fefda20000 - 0x000007fefda5b000 	C:\Windows\system32\WINTRUST.dll
0x000007fefda70000 - 0x000007fefdbdd000 	C:\Windows\system32\CRYPT32.dll
0x000007fefd820000 - 0x000007fefd82f000 	C:\Windows\system32\MSASN1.dll
0x000007feeb060000 - 0x000007feeb06d000 	C:\Windows\system32\msdmo.dll
0x000007fee9060000 - 0x000007fee908f000 	C:\Windows\system32\qcap.dll
0x000007fee6480000 - 0x000007fee6633000 	C:\Windows\system32\quartz.dll
0x000007fefd060000 - 0x000007fefd078000 	C:\Windows\system32\CRYPTSP.dll
0x000007fefcd60000 - 0x000007fefcda7000 	C:\Windows\system32\rsaenh.dll
0x000007fefd770000 - 0x000007fefd784000 	C:\Windows\system32\RpcRtRemote.dll
0x000007fefa9e0000 - 0x000007fefaa21000 	C:\Windows\system32\ksproxy.ax
0x0000000075590000 - 0x0000000075596000 	C:\Windows\system32\ksuser.dll
0x000007feeb5d0000 - 0x000007feeb7cf000 	C:\Windows\system32\d3d9.dll
0x000007fef5dc0000 - 0x000007fef5dc7000 	C:\Windows\system32\d3d8thk.dll
0x000007fefb320000 - 0x000007fefb338000 	C:\Windows\system32\dwmapi.dll
0x000007fefa9d0000 - 0x000007fefa9db000 	C:\Windows\system32\vidcap.ax
0x000007fefa860000 - 0x000007fefa884000 	C:\Windows\system32\kswdmcap.ax
0x000007fee6d80000 - 0x000007fee6edc000 	C:\Windows\system32\MFC42.dll
0x000007fefa7a0000 - 0x000007fefa851000 	C:\Windows\system32\ODBC32.dll
0x0000000074eb0000 - 0x0000000074ee8000 	C:\Windows\system32\odbcint.dll
0x000007fee63e0000 - 0x000007fee647b000 	C:\Windows\System32\qedit.dll
0x000007fee7e20000 - 0x000007fee7e49000 	C:\Windows\System32\MSVFW32.dll
0x000007fefe240000 - 0x000007fefe2d7000 	C:\Windows\system32\COMDLG32.dll
0x000007fefbbf0000 - 0x000007fefbe06000 	C:\Windows\WinSxS\amd64_microsoft.windows.gdiplus_6595b64144ccf1df_1.1.7601.23407_none_14556c1e8b95d0b8\gdiplus.dll
0x000007fef5fc0000 - 0x000007fef60e5000 	C:\Windows\system32\dbghelp.dll

VM Arguments:
jvm_args: -Dfile.encoding=UTF-8 -Djava.library.path=C:\MinhaDLL 
java_command: visao.TestWebCam
java_class_path (initial): C:\Users\rafa\Documents\NetBeansProjects\Sistema_Mais_Saude\lib\PostgreSQLDriver\postgresql-9.4.1209.jar;C:\Users\rafa\Documents\NetBeansProjects\Sistema_Mais_Saude\lib\jcalendar-1.4.jar;C:\Users\rafa\Documents\NetBeansProjects\Sistema_Mais_Saude\lib\TimerBean.jar;C:\Users\rafa\Documents\NetBeansProjects\Sistema_Mais_Saude\lib\absolutelayout\AbsoluteLayout.jar;C:\Users\rafa\Documents\NetBeansProjects\Sistema_Mais_Saude\lib\JTattoo-1.6.13.jar;C:\Users\rafa\Documents\NetBeansProjects\Sistema_Mais_Saude\lib\lti-civil.jar;C:\Users\rafa\Documents\NetBeansProjects\Sistema_Mais_Saude\build\classes
Launcher Type: SUN_STANDARD

Environment Variables:
JAVA_HOME=C:\Program Files\Java\jdk1.8.0_241
PATH=C:\ProgramData\Oracle\Java\javapath;C:\Program Files (x86)\Common Files\Oracle\Java\javapath;C:\Windows\system32;C:\Windows;C:\Windows\System32\Wbem;C:\Windows\System32\WindowsPowerShell\v1.0\ ;;C:\Users\rafa\AppData\Local\Programs\Microsoft VS Code\bin;C:\Program Files\Java\jdk1.8.0_241\bin
USERNAME=rafa
OS=Windows_NT
PROCESSOR_IDENTIFIER=Intel64 Family 6 Model 37 Stepping 5, GenuineIntel



---------------  S Y S T E M  ---------------

OS: Windows 7 , 64 bit Build 7601 (6.1.7601.23418)

CPU:total 4 (2 cores per cpu, 2 threads per core) family 6 model 37 stepping 5, cmov, cx8, fxsr, mmx, sse, sse2, sse3, ssse3, sse4.1, sse4.2, popcnt, ht, tsc, tscinvbit

Memory: 4k page, physical 3985960k(980080k free), swap 7970060k(4220024k free)

vm_info: Java HotSpot(TM) 64-Bit Server VM (25.111-b14) for windows-amd64 JRE (1.8.0_111-b14), built on Sep 22 2016 19:24:05 by "java_re" with MS VC++ 10.0 (VS2010)

time: Tue Apr 28 21:27:08 2020
elapsed time: 0 seconds (0d 0h 0m 0s)

